2018-05-23T17:27:36 - easyscan.main - INFO
[1;32;2m Scan method       = GRID[0m
2018-05-23T17:27:37 - easyscan.main - INFO
[1;32;2m ...............................................[0m
2018-05-23T17:27:37 - easyscan.main - INFO
[1;32;2m ...............................................[0m
2018-05-23T17:27:37 - easyscan.main - INFO
[1;32;2m Result file name  = /home/teacher/Desktop/github/EasyScan_HEP/bin/USM_NonUniversal_3000[0m
2018-05-23T17:27:37 - easyscan.main - INFO
[1;32;2m Points number     = 10[0m
2018-05-23T17:27:37 - easyscan.main - INFO
[1;32;2m Random seed       = 100[0m
2018-05-23T17:27:37 - easyscan.main - INFO
[1;32;2m "Random seed = 100" in the input configure file, using only in Random, MCMC or Multinest mode.[0m
2018-05-23T17:27:37 - easyscan.main - INFO
[1;32;2m Interval of print = 1[0m
2018-05-23T17:27:37 - easyscan.main - INFO
[1;32;2m Input parameters   =  [0m
2018-05-23T17:27:37 - easyscan.main - INFO
[1;32;2m ...............................................[0m
2018-05-23T17:27:37 - easyscan.main - INFO
[1;32;2m ...............................................[0m
2018-05-23T17:27:37 - easyscan.main - INFO
[1;32;2m Program name    = SPheno-4.0.3[0m
2018-05-23T17:27:37 - easyscan.main - INFO
[1;32;2m Execute command = [['./SPheno-4.0.3/bin/SPhenoUSM  SPheno-4.0.3/LesHouches.in.USM_low']][0m
2018-05-23T17:27:37 - easyscan.main - INFO
[1;32;2m Command path    = /home/teacher/Desktop/github/EasyScan_HEP/bin/../Externals/[0m
2018-05-23T17:27:37 - easyscan.main - INFO
[1;32;2m Input file      = [0m
2018-05-23T17:27:37 - easyscan.main - INFO
[1;32;2m   fileID= 1 	File= /home/teacher/Desktop/github/EasyScan_HEP/bin/../Externals/SPheno-4.0.3/LesHouches.in.USM_low[0m
2018-05-23T17:27:37 - easyscan.main - INFO
[1;32;2m Input variable = [0m
2018-05-23T17:27:37 - easyscan.main - INFO
[1;32;2m   varID= lamS 	fileID= 1 	Method= Replace 	Name= ES_lamS[0m
2018-05-23T17:27:37 - easyscan.main - INFO
[1;32;2m   varID= vS 	fileID= 1 	Method= Replace 	Name= ES_vS[0m
2018-05-23T17:27:37 - easyscan.main - INFO
[1;32;2m   varID= g1p 	fileID= 1 	Method= Replace 	Name= ES_g1p[0m
2018-05-23T17:27:37 - easyscan.main - INFO
[1;32;2m   varID= lam_ST 	fileID= 1 	Method= Replace 	Name= ES_lam_ST[0m
2018-05-23T17:27:37 - easyscan.main - WARNING
[1;31;2m For input variable "lam_ST" in program "SPheno-4.0.3" with "Replace" method, find 2 "ES_lam_ST" in coressponding input file "/home/teacher/Desktop/github/EasyScan_HEP/bin/../Externals/SPheno-4.0.3/LesHouches.in.USM_low". They will all be replaced by variable "lam_ST" in the following program.[0m
2018-05-23T17:27:37 - easyscan.main - INFO
[1;32;2m   varID= mT 	fileID= 1 	Method= Replace 	Name= ES_mT[0m
2018-05-23T17:27:37 - easyscan.main - INFO
[1;32;2m Output file     = [0m
2018-05-23T17:27:37 - easyscan.main - INFO
[1;32;2m   ID= 1 	File= /home/teacher/Desktop/github/EasyScan_HEP/bin/../Externals/SPheno.spc.USM[0m
2018-05-23T17:27:37 - easyscan.main - INFO
[1;32;2m Output variable = [0m
2018-05-23T17:27:37 - easyscan.main - INFO
[1;32;2m   varID= spec 	fileID= 1 	"File"= file     Method=save[0m
2018-05-23T17:27:37 - easyscan.main - INFO
[1;32;2m   varID= phiT 	fileID= 1 	Method= SLHA 	B/D= BLOCK 	Name= MASS 	Keys= 101051[0m
2018-05-23T17:27:37 - easyscan.main - INFO
[1;32;2m   varID= sigmaT 	fileID= 1 	Method= SLHA 	B/D= BLOCK 	Name= MASS 	Keys= 101053[0m
2018-05-23T17:27:37 - easyscan.main - INFO
[1;32;2m   varID= hh_1 	fileID= 1 	Method= SLHA 	B/D= BLOCK 	Name= MASS 	Keys= 25[0m
2018-05-23T17:27:37 - easyscan.main - INFO
[1;32;2m   varID= hh_2 	fileID= 1 	Method= SLHA 	B/D= BLOCK 	Name= MASS 	Keys= 35[0m
2018-05-23T17:27:37 - easyscan.main - INFO
[1;32;2m   varID= VWm 	fileID= 1 	Method= SLHA 	B/D= BLOCK 	Name= MASS 	Keys= 24[0m
2018-05-23T17:27:37 - easyscan.main - INFO
[1;32;2m   varID= VZp 	fileID= 1 	Method= SLHA 	B/D= BLOCK 	Name= MASS 	Keys= 31[0m
2018-05-23T17:27:37 - easyscan.main - INFO
[1;32;2m   varID= (g-2)_e 	fileID= 1 	Method= SLHA 	B/D= BLOCK 	Name= SPhenoLowEnergy 	Keys= 20[0m
2018-05-23T17:27:37 - easyscan.main - INFO
[1;32;2m   varID= (g-2)_mu 	fileID= 1 	Method= SLHA 	B/D= BLOCK 	Name= SPhenoLowEnergy 	Keys= 21[0m
2018-05-23T17:27:37 - easyscan.main - INFO
[1;32;2m   varID= (g-2)_tau 	fileID= 1 	Method= SLHA 	B/D= BLOCK 	Name= SPhenoLowEnergy 	Keys= 22[0m
2018-05-23T17:27:37 - easyscan.main - INFO
[1;32;2m   varID= delta_rho 	fileID= 1 	Method= SLHA 	B/D= BLOCK 	Name= SPhenoLowEnergy 	Keys= 39[0m
2018-05-23T17:27:37 - easyscan.main - INFO
[1;32;2m   varID= BR(B->X_s gamma) 	fileID= 1 	Method= SLHA 	B/D= BLOCK 	Name= FlavorKitQFV 	Keys= 200[0m
2018-05-23T17:27:37 - easyscan.main - INFO
[1;32;2m   varID= BR(B^0_s->mu mu) 	fileID= 1 	Method= SLHA 	B/D= BLOCK 	Name= FlavorKitQFV 	Keys= 4006[0m
2018-05-23T17:27:37 - easyscan.main - INFO
[1;32;2m Bound condition in program SPheno-4.0.3:[0m
2018-05-23T17:27:37 - easyscan.main - INFO
[1;32;2m No Run flag.[0m
2018-05-23T17:27:37 - easyscan.main - INFO
[1;32;2m ...............................................[0m
2018-05-23T17:27:37 - easyscan.main - INFO
[1;32;2m ...............................................[0m
2018-05-23T17:27:37 - easyscan.main - INFO
[1;32;2m Begin grid scan ...[0m
2018-05-23T17:27:52 - easyscan.main - INFO
[1;32;2m You have close ploting the result ... [0m
